<?xml version="1.0" encoding="UTF-8"?>
<!-- Generated by org.testng.reporters.JUnitReportReporter -->
<testsuite hostname="SCA-BALVARADO-OD.local" failures="0" tests="1" name="test.NewTest" time="3.552" errors="0" timestamp="09 May 2021 01:02:35 GMT" skipped="0">
  <testcase classname="test.NewTest" name="Test" time="3.552"/>
</testsuite> <!-- test.NewTest -->
